<assemblies timestamp="07/23/2024 01:04:06">
  <assembly name="F:\Documentos\Projetos\Development\Github\MyCar\MyCarUnitTests\bin\Debug\net6.0\MyCarUnitTests.dll" run-date="2024-07-23" run-time="01:04:06" total="8" passed="8" failed="0" skipped="0" time="2.123" errors="0">
    <errors />
    <collection total="2" passed="2" failed="0" skipped="0" name="Test collection for MyCarUnitTests.UnitTests.CreateUserTest" time="0.805">
      <test name="MyCarUnitTests.UnitTests.CreateUserTest.CreateUserSuccess_ShouldResultCreated" type="MyCarUnitTests.UnitTests.CreateUserTest" method="CreateUserSuccess_ShouldResultCreated" time="0.7604182" result="Pass">
        <traits />
      </test>
      <test name="MyCarUnitTests.UnitTests.CreateUserTest.CreateUserFailed_ShouldResultNull" type="MyCarUnitTests.UnitTests.CreateUserTest" method="CreateUserFailed_ShouldResultNull" time="0.0442039" result="Pass">
        <traits />
      </test>
    </collection>
    <collection total="2" passed="2" failed="0" skipped="0" name="Test collection for MyCarUnitTests.UnitTests.DeleteUserTest" time="0.808">
      <test name="MyCarUnitTests.UnitTests.DeleteUserTest.DeleteUserSucess_ShouldResultTrue" type="MyCarUnitTests.UnitTests.DeleteUserTest" method="DeleteUserSucess_ShouldResultTrue" time="0.7860759" result="Pass">
        <traits />
      </test>
      <test name="MyCarUnitTests.UnitTests.DeleteUserTest.DeleteUserFailed_ShouldResultFalse" type="MyCarUnitTests.UnitTests.DeleteUserTest" method="DeleteUserFailed_ShouldResultFalse" time="0.0218079" result="Pass">
        <traits />
      </test>
    </collection>
    <collection total="2" passed="2" failed="0" skipped="0" name="Test collection for MyCarUnitTests.UnitTests.GetAllUsersTest" time="0.805">
      <test name="MyCarUnitTests.UnitTests.GetAllUsersTest.GetAllUsersFailed_ShouldResultEmpty" type="MyCarUnitTests.UnitTests.GetAllUsersTest" method="GetAllUsersFailed_ShouldResultEmpty" time="0.7595761" result="Pass">
        <traits />
      </test>
      <test name="MyCarUnitTests.UnitTests.GetAllUsersTest.GetAllUsersSuccess_ShouldResultListOfUsers" type="MyCarUnitTests.UnitTests.GetAllUsersTest" method="GetAllUsersSuccess_ShouldResultListOfUsers" time="0.0449524" result="Pass">
        <traits />
      </test>
    </collection>
    <collection total="2" passed="2" failed="0" skipped="0" name="Test collection for MyCarUnitTests.UnitTests.UpdateUserTest" time="0.805">
      <test name="MyCarUnitTests.UnitTests.UpdateUserTest.UpdateUserSuccess_ShouldResultUpdated" type="MyCarUnitTests.UnitTests.UpdateUserTest" method="UpdateUserSuccess_ShouldResultUpdated" time="0.7604093" result="Pass">
        <traits />
      </test>
      <test name="MyCarUnitTests.UnitTests.UpdateUserTest.UpdateUserFailed_ShouldResultNull" type="MyCarUnitTests.UnitTests.UpdateUserTest" method="UpdateUserFailed_ShouldResultNull" time="0.0442080" result="Pass">
        <traits />
      </test>
    </collection>
  </assembly>
</assemblies>